<?xml version="1.0" encoding="UTF-8"?>
<!-- Generated by org.testng.reporters.JUnitReportReporter -->
<testsuite skipped="0" hostname="Sais-MacBook.local" name="AmazonTests.AnnotationsHostGuestC_C" tests="2" failures="0" timestamp="29 May 2017 06:24:01 GMT" time="172.070" errors="0">
  <testcase name="addingExtension" time="21.016" classname="AmazonTests.AnnotationsHostGuestC_C"/>
  <testcase name="host_guestAnnotationsC_C" time="151.054" classname="AmazonTests.AnnotationsHostGuestC_C"/>
</testsuite> <!-- AmazonTests.AnnotationsHostGuestC_C -->
